<?xml version="1.0" encoding="UTF-8"?>
<coverage generated="1713985976173" clover="3.2.0">
  <project timestamp="1713985976173" name="All files">
    <metrics statements="45" coveredstatements="43" conditionals="17" coveredconditionals="17" methods="18" coveredmethods="18" elements="80" coveredelements="78" complexity="0" loc="45" ncloc="45" packages="2" files="4" classes="4"/>
    <package name="src">
      <metrics statements="2" coveredstatements="0" conditionals="0" coveredconditionals="0" methods="0" coveredmethods="0"/>
      <file name="index.js" path="/home/raghunandhan/Thoughtworks/prereads/React/tic-tac-toe/src/index.js">
        <metrics statements="2" coveredstatements="0" conditionals="0" coveredconditionals="0" methods="0" coveredmethods="0"/>
        <line num="7" count="0" type="stmt"/>
        <line num="8" count="0" type="stmt"/>
      </file>
    </package>
    <package name="src.components">
      <metrics statements="43" coveredstatements="43" conditionals="17" coveredconditionals="17" methods="18" coveredmethods="18"/>
      <file name="Board.js" path="/home/raghunandhan/Thoughtworks/prereads/React/tic-tac-toe/src/components/Board.js">
        <metrics statements="27" coveredstatements="27" conditionals="15" coveredconditionals="15" methods="12" coveredmethods="12"/>
        <line num="4" count="29" type="stmt"/>
        <line num="14" count="29" type="stmt"/>
        <line num="15" count="211" type="stmt"/>
        <line num="16" count="211" type="cond" truecount="5" falsecount="0"/>
        <line num="17" count="3" type="stmt"/>
        <line num="20" count="26" type="stmt"/>
        <line num="27" count="15" type="cond" truecount="4" falsecount="0"/>
        <line num="28" count="1" type="stmt"/>
        <line num="30" count="14" type="stmt"/>
        <line num="31" count="14" type="cond" truecount="2" falsecount="0"/>
        <line num="32" count="3" type="stmt"/>
        <line num="34" count="11" type="stmt"/>
        <line num="36" count="14" type="stmt"/>
        <line num="39" count="14" type="stmt"/>
        <line num="41" count="14" type="cond" truecount="2" falsecount="0"/>
        <line num="42" count="2" type="stmt"/>
        <line num="44" count="12" type="cond" truecount="2" falsecount="0"/>
        <line num="47" count="14" type="stmt"/>
        <line num="52" count="4" type="stmt"/>
        <line num="53" count="3" type="stmt"/>
        <line num="54" count="1" type="stmt"/>
        <line num="57" count="1" type="stmt"/>
        <line num="58" count="2" type="stmt"/>
        <line num="59" count="1" type="stmt"/>
        <line num="62" count="1" type="stmt"/>
        <line num="63" count="1" type="stmt"/>
        <line num="64" count="1" type="stmt"/>
      </file>
      <file name="Game.js" path="/home/raghunandhan/Thoughtworks/prereads/React/tic-tac-toe/src/components/Game.js">
        <metrics statements="15" coveredstatements="15" conditionals="2" coveredconditionals="2" methods="5" coveredmethods="5"/>
        <line num="7" count="9" type="stmt"/>
        <line num="8" count="9" type="stmt"/>
        <line num="9" count="9" type="stmt"/>
        <line num="10" count="9" type="stmt"/>
        <line num="13" count="4" type="stmt"/>
        <line num="14" count="4" type="stmt"/>
        <line num="15" count="4" type="stmt"/>
        <line num="19" count="2" type="stmt"/>
        <line num="22" count="9" type="stmt"/>
        <line num="24" count="19" type="cond" truecount="2" falsecount="0"/>
        <line num="25" count="10" type="stmt"/>
        <line num="27" count="9" type="stmt"/>
        <line num="29" count="19" type="stmt"/>
        <line num="31" count="2" type="stmt"/>
        <line num="36" count="9" type="stmt"/>
      </file>
      <file name="Square.js" path="/home/raghunandhan/Thoughtworks/prereads/React/tic-tac-toe/src/components/Square.js">
        <metrics statements="1" coveredstatements="1" conditionals="0" coveredconditionals="0" methods="1" coveredmethods="1"/>
        <line num="2" count="128" type="stmt"/>
      </file>
    </package>
  </project>
</coverage>
