{"/home/raghunandhan/Thoughtworks/prereads/React/tic-tac-toe/src/index.js": {"path":"/home/raghunandhan/Thoughtworks/prereads/React/tic-tac-toe/src/index.js","statementMap":{"0":{"start":{"line":7,"column":13},"end":{"line":7,"column":56}},"1":{"start":{"line":8,"column":0},"end":{"line":12,"column":2}}},"fnMap":{},"branchMap":{},"s":{"0":0,"1":0},"f":{},"b":{}}
,"/home/raghunandhan/Thoughtworks/prereads/React/tic-tac-toe/src/components/Board.js": {"path":"/home/raghunandhan/Thoughtworks/prereads/React/tic-tac-toe/src/components/Board.js","statementMap":{"0":{"start":{"line":4,"column":18},"end":{"line":13,"column":5}},"1":{"start":{"line":14,"column":4},"end":{"line":19,"column":5}},"2":{"start":{"line":14,"column":17},"end":{"line":14,"column":18}},"3":{"start":{"line":15,"column":26},"end":{"line":15,"column":34}},"4":{"start":{"line":16,"column":8},"end":{"line":18,"column":9}},"5":{"start":{"line":17,"column":12},"end":{"line":17,"column":30}},"6":{"start":{"line":20,"column":4},"end":{"line":20,"column":16}},"7":{"start":{"line":27,"column":8},"end":{"line":29,"column":9}},"8":{"start":{"line":28,"column":12},"end":{"line":28,"column":19}},"9":{"start":{"line":30,"column":28},"end":{"line":30,"column":43}},"10":{"start":{"line":31,"column":8},"end":{"line":35,"column":9}},"11":{"start":{"line":32,"column":12},"end":{"line":32,"column":33}},"12":{"start":{"line":34,"column":12},"end":{"line":34,"column":33}},"13":{"start":{"line":36,"column":8},"end":{"line":36,"column":28}},"14":{"start":{"line":39,"column":19},"end":{"line":39,"column":43}},"15":{"start":{"line":41,"column":4},"end":{"line":45,"column":5}},"16":{"start":{"line":42,"column":8},"end":{"line":42,"column":37}},"17":{"start":{"line":44,"column":8},"end":{"line":44,"column":57}},"18":{"start":{"line":47,"column":4},"end":{"line":68,"column":6}},"19":{"start":{"line":52,"column":68},"end":{"line":52,"column":82}},"20":{"start":{"line":53,"column":68},"end":{"line":53,"column":82}},"21":{"start":{"line":54,"column":68},"end":{"line":54,"column":82}},"22":{"start":{"line":57,"column":68},"end":{"line":57,"column":82}},"23":{"start":{"line":58,"column":68},"end":{"line":58,"column":82}},"24":{"start":{"line":59,"column":68},"end":{"line":59,"column":82}},"25":{"start":{"line":62,"column":68},"end":{"line":62,"column":82}},"26":{"start":{"line":63,"column":68},"end":{"line":63,"column":82}},"27":{"start":{"line":64,"column":68},"end":{"line":64,"column":82}}},"fnMap":{"0":{"name":"calculateWinner","decl":{"start":{"line":3,"column":9},"end":{"line":3,"column":24}},"loc":{"start":{"line":3,"column":34},"end":{"line":21,"column":1}},"line":3},"1":{"name":"Board","decl":{"start":{"line":23,"column":9},"end":{"line":23,"column":14}},"loc":{"start":{"line":23,"column":43},"end":{"line":69,"column":1}},"line":23},"2":{"name":"handleClick","decl":{"start":{"line":26,"column":13},"end":{"line":26,"column":24}},"loc":{"start":{"line":26,"column":28},"end":{"line":37,"column":5}},"line":26},"3":{"name":"(anonymous_3)","decl":{"start":{"line":52,"column":62},"end":{"line":52,"column":63}},"loc":{"start":{"line":52,"column":68},"end":{"line":52,"column":82}},"line":52},"4":{"name":"(anonymous_4)","decl":{"start":{"line":53,"column":62},"end":{"line":53,"column":63}},"loc":{"start":{"line":53,"column":68},"end":{"line":53,"column":82}},"line":53},"5":{"name":"(anonymous_5)","decl":{"start":{"line":54,"column":62},"end":{"line":54,"column":63}},"loc":{"start":{"line":54,"column":68},"end":{"line":54,"column":82}},"line":54},"6":{"name":"(anonymous_6)","decl":{"start":{"line":57,"column":62},"end":{"line":57,"column":63}},"loc":{"start":{"line":57,"column":68},"end":{"line":57,"column":82}},"line":57},"7":{"name":"(anonymous_7)","decl":{"start":{"line":58,"column":62},"end":{"line":58,"column":63}},"loc":{"start":{"line":58,"column":68},"end":{"line":58,"column":82}},"line":58},"8":{"name":"(anonymous_8)","decl":{"start":{"line":59,"column":62},"end":{"line":59,"column":63}},"loc":{"start":{"line":59,"column":68},"end":{"line":59,"column":82}},"line":59},"9":{"name":"(anonymous_9)","decl":{"start":{"line":62,"column":62},"end":{"line":62,"column":63}},"loc":{"start":{"line":62,"column":68},"end":{"line":62,"column":82}},"line":62},"10":{"name":"(anonymous_10)","decl":{"start":{"line":63,"column":62},"end":{"line":63,"column":63}},"loc":{"start":{"line":63,"column":68},"end":{"line":63,"column":82}},"line":63},"11":{"name":"(anonymous_11)","decl":{"start":{"line":64,"column":62},"end":{"line":64,"column":63}},"loc":{"start":{"line":64,"column":68},"end":{"line":64,"column":82}},"line":64}},"branchMap":{"0":{"loc":{"start":{"line":16,"column":8},"end":{"line":18,"column":9}},"type":"if","locations":[{"start":{"line":16,"column":8},"end":{"line":18,"column":9}},{"start":{},"end":{}}],"line":16},"1":{"loc":{"start":{"line":16,"column":12},"end":{"line":16,"column":80}},"type":"binary-expr","locations":[{"start":{"line":16,"column":12},"end":{"line":16,"column":22}},{"start":{"line":16,"column":26},"end":{"line":16,"column":51}},{"start":{"line":16,"column":55},"end":{"line":16,"column":80}}],"line":16},"2":{"loc":{"start":{"line":27,"column":8},"end":{"line":29,"column":9}},"type":"if","locations":[{"start":{"line":27,"column":8},"end":{"line":29,"column":9}},{"start":{},"end":{}}],"line":27},"3":{"loc":{"start":{"line":27,"column":12},"end":{"line":27,"column":50}},"type":"binary-expr","locations":[{"start":{"line":27,"column":12},"end":{"line":27,"column":22}},{"start":{"line":27,"column":26},"end":{"line":27,"column":50}}],"line":27},"4":{"loc":{"start":{"line":31,"column":8},"end":{"line":35,"column":9}},"type":"if","locations":[{"start":{"line":31,"column":8},"end":{"line":35,"column":9}},{"start":{"line":33,"column":15},"end":{"line":35,"column":9}}],"line":31},"5":{"loc":{"start":{"line":41,"column":4},"end":{"line":45,"column":5}},"type":"if","locations":[{"start":{"line":41,"column":4},"end":{"line":45,"column":5}},{"start":{"line":43,"column":11},"end":{"line":45,"column":5}}],"line":41},"6":{"loc":{"start":{"line":44,"column":36},"end":{"line":44,"column":55}},"type":"cond-expr","locations":[{"start":{"line":44,"column":46},"end":{"line":44,"column":49}},{"start":{"line":44,"column":52},"end":{"line":44,"column":55}}],"line":44}},"s":{"0":29,"1":29,"2":29,"3":211,"4":211,"5":3,"6":26,"7":15,"8":1,"9":14,"10":14,"11":3,"12":11,"13":14,"14":14,"15":14,"16":2,"17":12,"18":14,"19":4,"20":3,"21":1,"22":1,"23":2,"24":1,"25":1,"26":1,"27":1},"f":{"0":29,"1":14,"2":15,"3":4,"4":3,"5":1,"6":1,"7":2,"8":1,"9":1,"10":1,"11":1},"b":{"0":[3,208],"1":[211,26,3],"2":[1,14],"3":[15,15],"4":[3,11],"5":[2,12],"6":[8,4]},"_coverageSchema":"1a1c01bbd47fc00a2c39e90264f33305004495a9","hash":"300a177b3fdf3d1fcab340f43403eda5b1b2f960"}
,"/home/raghunandhan/Thoughtworks/prereads/React/tic-tac-toe/src/components/Game.js": {"path":"/home/raghunandhan/Thoughtworks/prereads/React/tic-tac-toe/src/components/Game.js","statementMap":{"0":{"start":{"line":7,"column":34},"end":{"line":7,"column":65}},"1":{"start":{"line":8,"column":42},"end":{"line":8,"column":53}},"2":{"start":{"line":9,"column":27},"end":{"line":9,"column":47}},"3":{"start":{"line":10,"column":20},"end":{"line":10,"column":41}},"4":{"start":{"line":13,"column":28},"end":{"line":13,"column":79}},"5":{"start":{"line":14,"column":8},"end":{"line":14,"column":32}},"6":{"start":{"line":15,"column":8},"end":{"line":15,"column":47}},"7":{"start":{"line":19,"column":8},"end":{"line":19,"column":33}},"8":{"start":{"line":22,"column":18},"end":{"line":34,"column":6}},"9":{"start":{"line":24,"column":8},"end":{"line":28,"column":9}},"10":{"start":{"line":25,"column":12},"end":{"line":25,"column":48}},"11":{"start":{"line":27,"column":12},"end":{"line":27,"column":34}},"12":{"start":{"line":29,"column":8},"end":{"line":33,"column":10}},"13":{"start":{"line":31,"column":66},"end":{"line":31,"column":78}},"14":{"start":{"line":36,"column":4},"end":{"line":45,"column":6}}},"fnMap":{"0":{"name":"Game","decl":{"start":{"line":5,"column":24},"end":{"line":5,"column":28}},"loc":{"start":{"line":5,"column":31},"end":{"line":46,"column":1}},"line":5},"1":{"name":"handlePlay","decl":{"start":{"line":12,"column":13},"end":{"line":12,"column":23}},"loc":{"start":{"line":12,"column":37},"end":{"line":16,"column":5}},"line":12},"2":{"name":"jumpTo","decl":{"start":{"line":18,"column":13},"end":{"line":18,"column":19}},"loc":{"start":{"line":18,"column":30},"end":{"line":20,"column":5}},"line":18},"3":{"name":"(anonymous_3)","decl":{"start":{"line":22,"column":30},"end":{"line":22,"column":31}},"loc":{"start":{"line":22,"column":49},"end":{"line":34,"column":5}},"line":22},"4":{"name":"(anonymous_4)","decl":{"start":{"line":31,"column":60},"end":{"line":31,"column":61}},"loc":{"start":{"line":31,"column":66},"end":{"line":31,"column":78}},"line":31}},"branchMap":{"0":{"loc":{"start":{"line":24,"column":8},"end":{"line":28,"column":9}},"type":"if","locations":[{"start":{"line":24,"column":8},"end":{"line":28,"column":9}},{"start":{"line":26,"column":15},"end":{"line":28,"column":9}}],"line":24}},"s":{"0":9,"1":9,"2":9,"3":9,"4":4,"5":4,"6":4,"7":2,"8":9,"9":19,"10":10,"11":9,"12":19,"13":2,"14":9},"f":{"0":9,"1":4,"2":2,"3":19,"4":2},"b":{"0":[10,9]},"_coverageSchema":"1a1c01bbd47fc00a2c39e90264f33305004495a9","hash":"19804b2a61374d70ab786428c60ebd45bcba4ff8"}
,"/home/raghunandhan/Thoughtworks/prereads/React/tic-tac-toe/src/components/Square.js": {"path":"/home/raghunandhan/Thoughtworks/prereads/React/tic-tac-toe/src/components/Square.js","statementMap":{"0":{"start":{"line":2,"column":4},"end":{"line":6,"column":6}}},"fnMap":{"0":{"name":"Square","decl":{"start":{"line":1,"column":9},"end":{"line":1,"column":15}},"loc":{"start":{"line":1,"column":42},"end":{"line":7,"column":1}},"line":1}},"branchMap":{},"s":{"0":128},"f":{"0":128},"b":{},"_coverageSchema":"1a1c01bbd47fc00a2c39e90264f33305004495a9","hash":"d581e43bb9f442535768e3b5c79182e5135bb43d"}
}
