TN:
SF:src/index.js
FNF:0
FNH:0
DA:7,0
DA:8,0
LF:2
LH:0
BRF:0
BRH:0
end_of_record
TN:
SF:src/components/Board.js
FN:3,calculateWinner
FN:23,Board
FN:26,handleClick
FN:52,(anonymous_3)
FN:53,(anonymous_4)
FN:54,(anonymous_5)
FN:57,(anonymous_6)
FN:58,(anonymous_7)
FN:59,(anonymous_8)
FN:62,(anonymous_9)
FN:63,(anonymous_10)
FN:64,(anonymous_11)
FNF:12
FNH:12
FNDA:29,calculateWinner
FNDA:14,Board
FNDA:15,handleClick
FNDA:4,(anonymous_3)
FNDA:3,(anonymous_4)
FNDA:1,(anonymous_5)
FNDA:1,(anonymous_6)
FNDA:2,(anonymous_7)
FNDA:1,(anonymous_8)
FNDA:1,(anonymous_9)
FNDA:1,(anonymous_10)
FNDA:1,(anonymous_11)
DA:4,29
DA:14,29
DA:15,211
DA:16,211
DA:17,3
DA:20,26
DA:27,15
DA:28,1
DA:30,14
DA:31,14
DA:32,3
DA:34,11
DA:36,14
DA:39,14
DA:41,14
DA:42,2
DA:44,12
DA:47,14
DA:52,4
DA:53,3
DA:54,1
DA:57,1
DA:58,2
DA:59,1
DA:62,1
DA:63,1
DA:64,1
LF:27
LH:27
BRDA:16,0,0,3
BRDA:16,0,1,208
BRDA:16,1,0,211
BRDA:16,1,1,26
BRDA:16,1,2,3
BRDA:27,2,0,1
BRDA:27,2,1,14
BRDA:27,3,0,15
BRDA:27,3,1,15
BRDA:31,4,0,3
BRDA:31,4,1,11
BRDA:41,5,0,2
BRDA:41,5,1,12
BRDA:44,6,0,8
BRDA:44,6,1,4
BRF:15
BRH:15
end_of_record
TN:
SF:src/components/Game.js
FN:5,Game
FN:12,handlePlay
FN:18,jumpTo
FN:22,(anonymous_3)
FN:31,(anonymous_4)
FNF:5
FNH:5
FNDA:9,Game
FNDA:4,handlePlay
FNDA:2,jumpTo
FNDA:19,(anonymous_3)
FNDA:2,(anonymous_4)
DA:7,9
DA:8,9
DA:9,9
DA:10,9
DA:13,4
DA:14,4
DA:15,4
DA:19,2
DA:22,9
DA:24,19
DA:25,10
DA:27,9
DA:29,19
DA:31,2
DA:36,9
LF:15
LH:15
BRDA:24,0,0,10
BRDA:24,0,1,9
BRF:2
BRH:2
end_of_record
TN:
SF:src/components/Square.js
FN:1,Square
FNF:1
FNH:1
FNDA:128,Square
DA:2,128
LF:1
LH:1
BRF:0
BRH:0
end_of_record
